<?xml version="1.0" encoding="UTF-8"?>
<!-- Generated by org.testng.reporters.JUnitReportReporter -->
<testsuite hostname="MGSHPC086" name="frame.ZY" tests="2" failures="0" timestamp="3 Nov 2016 04:14:30 GMT" time="25.073" errors="0">
  <testcase name="autoTest" time="9.035" classname="frame.ZY"/>
  <testcase name="autoTest" time="16.038" classname="frame.ZY"/>
</testsuite> <!-- frame.ZY -->
